This file contains any messages produced by compilers while
running configure, to aid debugging if configure makes a mistake.

It was created by tinyos-tools configure 1.4.2, which was
generated by GNU Autoconf 2.68.  Invocation command line was

  $ ./configure --with-tinyos

## --------- ##
## Platform. ##
## --------- ##

hostname = ubuntu
uname -m = i686
uname -r = 3.2.0-32-generic-pae
uname -s = Linux
uname -v = #51-Ubuntu SMP Wed Sep 26 21:54:23 UTC 2012

/usr/bin/uname -p = unknown
/bin/uname -X     = unknown

/bin/arch              = unknown
/usr/bin/arch -k       = unknown
/usr/convex/getsysinfo = unknown
/usr/bin/hostinfo      = unknown
/bin/machine           = unknown
/usr/bin/oslevel       = unknown
/bin/universe          = unknown

PATH: /opt/msp430-46/bin
PATH: /usr/lib/lightdm/lightdm
PATH: /usr/local/sbin
PATH: /usr/local/bin
PATH: /usr/sbin
PATH: /usr/bin
PATH: /sbin
PATH: /bin
PATH: /usr/games


## ----------- ##
## Core tests. ##
## ----------- ##

configure:1881: checking for a BSD-compatible install
configure:1949: result: /usr/bin/install -c
configure:1960: checking whether build environment is sane
configure:2010: result: yes
configure:2151: checking for a thread-safe mkdir -p
configure:2190: result: /bin/mkdir -p
configure:2203: checking for gawk
configure:2233: result: no
configure:2203: checking for mawk
configure:2219: found /usr/bin/mawk
configure:2230: result: mawk
configure:2241: checking whether make sets $(MAKE)
configure:2263: result: yes
configure:2347: checking build system type
configure:2361: result: i686-pc-linux-gnu
configure:2381: checking host system type
configure:2394: result: i686-pc-linux-gnu
configure:2463: checking for gcc
configure:2479: found /usr/bin/gcc
configure:2490: result: gcc
configure:2719: checking for C compiler version
configure:2728: gcc --version >&5
gcc (Ubuntu/Linaro 4.6.3-1ubuntu5) 4.6.3
Copyright (C) 2011 Free Software Foundation, Inc.
This is free software; see the source for copying conditions.  There is NO
warranty; not even for MERCHANTABILITY or FITNESS FOR A PARTICULAR PURPOSE.

configure:2739: $? = 0
configure:2728: gcc -v >&5
Using built-in specs.
COLLECT_GCC=gcc
COLLECT_LTO_WRAPPER=/usr/lib/gcc/i686-linux-gnu/4.6/lto-wrapper
Target: i686-linux-gnu
Configured with: ../src/configure -v --with-pkgversion='Ubuntu/Linaro 4.6.3-1ubuntu5' --with-bugurl=file:///usr/share/doc/gcc-4.6/README.Bugs --enable-languages=c,c++,fortran,objc,obj-c++ --prefix=/usr --program-suffix=-4.6 --enable-shared --enable-linker-build-id --with-system-zlib --libexecdir=/usr/lib --without-included-gettext --enable-threads=posix --with-gxx-include-dir=/usr/include/c++/4.6 --libdir=/usr/lib --enable-nls --with-sysroot=/ --enable-clocale=gnu --enable-libstdcxx-debug --enable-libstdcxx-time=yes --enable-gnu-unique-object --enable-plugin --enable-objc-gc --enable-targets=all --disable-werror --with-arch-32=i686 --with-tune=generic --enable-checking=release --build=i686-linux-gnu --host=i686-linux-gnu --target=i686-linux-gnu
Thread model: posix
gcc version 4.6.3 (Ubuntu/Linaro 4.6.3-1ubuntu5) 
configure:2739: $? = 0
configure:2728: gcc -V >&5
gcc: error: unrecognized option '-V'
gcc: fatal error: no input files
compilation terminated.
configure:2739: $? = 4
configure:2728: gcc -qversion >&5
gcc: error: unrecognized option '-qversion'
gcc: fatal error: no input files
compilation terminated.
configure:2739: $? = 4
configure:2759: checking whether the C compiler works
configure:2781: gcc    conftest.c  >&5
configure:2785: $? = 0
configure:2833: result: yes
configure:2836: checking for C compiler default output file name
configure:2838: result: a.out
configure:2844: checking for suffix of executables
configure:2851: gcc -o conftest    conftest.c  >&5
configure:2855: $? = 0
configure:2877: result: 
configure:2899: checking whether we are cross compiling
configure:2907: gcc -o conftest    conftest.c  >&5
configure:2911: $? = 0
configure:2918: ./conftest
configure:2922: $? = 0
configure:2937: result: no
configure:2942: checking for suffix of object files
configure:2964: gcc -c   conftest.c >&5
configure:2968: $? = 0
configure:2989: result: o
configure:2993: checking whether we are using the GNU C compiler
configure:3012: gcc -c   conftest.c >&5
configure:3012: $? = 0
configure:3021: result: yes
configure:3030: checking whether gcc accepts -g
configure:3050: gcc -c -g  conftest.c >&5
configure:3050: $? = 0
configure:3091: result: yes
configure:3108: checking for gcc option to accept ISO C89
configure:3172: gcc  -c -g -O2  conftest.c >&5
configure:3172: $? = 0
configure:3185: result: none needed
configure:3216: checking for style of include used by make
configure:3244: result: GNU
configure:3270: checking dependency style of gcc
configure:3381: result: gcc3
configure:3454: checking for g++
configure:3484: result: no
configure:3454: checking for c++
configure:3484: result: no
configure:3454: checking for gpp
configure:3484: result: no
configure:3454: checking for aCC
configure:3484: result: no
configure:3454: checking for CC
configure:3484: result: no
configure:3454: checking for cxx
configure:3484: result: no
configure:3454: checking for cc++
configure:3484: result: no
configure:3454: checking for cl.exe
configure:3484: result: no
configure:3454: checking for FCC
configure:3484: result: no
configure:3454: checking for KCC
configure:3484: result: no
configure:3454: checking for RCC
configure:3484: result: no
configure:3454: checking for xlC_r
configure:3484: result: no
configure:3454: checking for xlC
configure:3484: result: no
configure:3508: checking for C++ compiler version
configure:3517: g++ --version >&5
./configure: line 3519: g++: command not found
configure:3528: $? = 127
configure:3517: g++ -v >&5
./configure: line 3519: g++: command not found
configure:3528: $? = 127
configure:3517: g++ -V >&5
./configure: line 3519: g++: command not found
configure:3528: $? = 127
configure:3517: g++ -qversion >&5
./configure: line 3519: g++: command not found
configure:3528: $? = 127
configure:3532: checking whether we are using the GNU C++ compiler
configure:3551: g++ -c   conftest.cpp >&5
./configure: line 1461: g++: command not found
configure:3551: $? = 127
configure: failed program was:
| /* confdefs.h */
| #define PACKAGE_NAME "tinyos-tools"
| #define PACKAGE_TARNAME "tinyos-tools"
| #define PACKAGE_VERSION "1.4.2"
| #define PACKAGE_STRING "tinyos-tools 1.4.2"
| #define PACKAGE_BUGREPORT ""
| #define PACKAGE_URL ""
| #define PACKAGE "tinyos-tools"
| #define VERSION "1.4.2"
| /* end confdefs.h.  */
| 
| int
| main ()
| {
| #ifndef __GNUC__
|        choke me
| #endif
| 
|   ;
|   return 0;
| }
configure:3560: result: no
configure:3569: checking whether g++ accepts -g
configure:3589: g++ -c -g  conftest.cpp >&5
./configure: line 1461: g++: command not found
configure:3589: $? = 127
configure: failed program was:
| /* confdefs.h */
| #define PACKAGE_NAME "tinyos-tools"
| #define PACKAGE_TARNAME "tinyos-tools"
| #define PACKAGE_VERSION "1.4.2"
| #define PACKAGE_STRING "tinyos-tools 1.4.2"
| #define PACKAGE_BUGREPORT ""
| #define PACKAGE_URL ""
| #define PACKAGE "tinyos-tools"
| #define VERSION "1.4.2"
| /* end confdefs.h.  */
| 
| int
| main ()
| {
| 
|   ;
|   return 0;
| }
configure:3604: g++ -c   conftest.cpp >&5
./configure: line 1461: g++: command not found
configure:3604: $? = 127
configure: failed program was:
| /* confdefs.h */
| #define PACKAGE_NAME "tinyos-tools"
| #define PACKAGE_TARNAME "tinyos-tools"
| #define PACKAGE_VERSION "1.4.2"
| #define PACKAGE_STRING "tinyos-tools 1.4.2"
| #define PACKAGE_BUGREPORT ""
| #define PACKAGE_URL ""
| #define PACKAGE "tinyos-tools"
| #define VERSION "1.4.2"
| /* end confdefs.h.  */
| 
| int
| main ()
| {
| 
|   ;
|   return 0;
| }
configure:3620: g++ -c -g  conftest.cpp >&5
./configure: line 1461: g++: command not found
configure:3620: $? = 127
configure: failed program was:
| /* confdefs.h */
| #define PACKAGE_NAME "tinyos-tools"
| #define PACKAGE_TARNAME "tinyos-tools"
| #define PACKAGE_VERSION "1.4.2"
| #define PACKAGE_STRING "tinyos-tools 1.4.2"
| #define PACKAGE_BUGREPORT ""
| #define PACKAGE_URL ""
| #define PACKAGE "tinyos-tools"
| #define VERSION "1.4.2"
| /* end confdefs.h.  */
| 
| int
| main ()
| {
| 
|   ;
|   return 0;
| }
configure:3630: result: no
configure:3655: checking dependency style of g++
configure:3766: result: none
configure:3824: checking for ranlib
configure:3840: found /usr/bin/ranlib
configure:3851: result: ranlib
configure:3876: checking for perl
configure:3894: found /usr/bin/perl
configure:3906: result: /usr/bin/perl
configure:3922: checking for python2
configure:3940: found /usr/bin/python2
configure:3952: result: /usr/bin/python2
configure:3970: checking for nescc
configure:3988: found /usr/bin/nescc
configure:4000: result: /usr/bin/nescc
configure:4023: Default ncc build target is mica
configure:4025: ...but using a tos/.default-platform file is a better choice
configure:4041: TinyOS directory is /opt/tinyos-2.x/tos
configure:4045: checking for cygwin
configure:4071: result: no
configure:4092: checking for JDK location
configure:4099: result: /usr/lib/jvm/java-6-openjdk-i386
configure:4303: creating ./config.status

## ---------------------- ##
## Running config.status. ##
## ---------------------- ##

This file was extended by tinyos-tools config.status 1.4.2, which was
generated by GNU Autoconf 2.68.  Invocation command line was

  CONFIG_FILES    = 
  CONFIG_HEADERS  = 
  CONFIG_LINKS    = 
  CONFIG_COMMANDS = 
  $ ./config.status 

on ubuntu

config.status:860: creating Makefile
config.status:860: creating platforms/Makefile
config.status:860: creating platforms/mica/Makefile
config.status:860: creating platforms/mica/cc1000-channelgen/Makefile
config.status:860: creating platforms/msp430/Makefile
config.status:860: creating platforms/msp430/motelist/motelist-linux
config.status:860: creating platforms/msp430/motelist/motelist-macos
config.status:860: creating platforms/msp430/motelist/Makefile
config.status:860: creating platforms/msp430/pybsl/Makefile
config.status:860: creating platforms/msp430/pybsl/tos-bsl.1
config.status:860: creating platforms/msp430/pybsl/serial/Makefile
config.status:860: creating platforms/msp430/pybsl/serial/serialposix.py
config.status:860: creating platforms/msp430/pybsl/serial/__init__.py
config.status:860: creating platforms/msp430/pybsl/serial/serialwin32.py
config.status:860: creating platforms/msp430/pybsl/elf.py
config.status:860: creating platforms/msp430/pybsl/tos-bsl
config.status:860: creating platforms/sam3/samba-program.py
config.status:860: creating platforms/sam3/Makefile
config.status:860: creating platforms/intelmote2/openocd/imote2-ocd-program.py
config.status:860: creating tinyos/Makefile
config.status:860: creating tinyos/java/Makefile
config.status:860: creating tinyos/java/env/Makefile
config.status:860: creating tinyos/java/serial/Makefile
config.status:860: creating tinyos/misc/tos-ident-flags
config.status:860: creating tinyos/misc/tos-install-jni
config.status:860: creating tinyos/misc/tos-set-symbols
config.status:860: creating tinyos/misc/tos-write-buildinfo
config.status:860: creating tinyos/misc/tos-write-image
config.status:860: creating tinyos/misc/tos-storage-at45db
config.status:860: creating tinyos/misc/tos-storage-stm25p
config.status:860: creating tinyos/misc/tos-storage-pxa27xp30
config.status:860: creating tinyos/misc/tos-dump.py
config.status:860: creating tinyos/misc/tos-nwprog
config.status:860: creating tinyos/misc/tos-deluge
config.status:860: creating tinyos/misc/tos-build-deluge-image
config.status:860: creating tinyos/misc/tos-mote-key
config.status:860: creating tinyos/misc/tos-check-env
config.status:860: creating tinyos/misc/Makefile
config.status:860: creating tinyos/ncc/Makefile
config.status:860: creating tinyos/ncc/mig
config.status:860: creating tinyos/ncc/ncc
config.status:860: creating tinyos/ncc/ncg
config.status:860: creating tinyos/ncc/nesdoc
config.status:860: creating tinyos/ncc/nesdoc-py/Makefile
config.status:860: creating tinyos/tosthreads/Makefile
config.status:860: creating tinyos/tosthreads/tosthreads_standard_api.py
config.status:860: creating tinyos/safe/Makefile
config.status:860: creating tinyos/safe/tos-decode-flid
config.status:860: creating tinyos/safe/tos-ramsize
config.status:1032: executing depfiles commands
configure:5560: === configuring in platforms/mica/uisp (/opt/tinyos-2.x/tools/platforms/mica/uisp)
configure:5623: running /bin/bash ./configure --disable-option-checking '--prefix=/usr/local'  '--with-tinyos' --cache-file=/dev/null --srcdir=.

## ---------------- ##
## Cache variables. ##
## ---------------- ##

ac_cv_build=i686-pc-linux-gnu
ac_cv_c_compiler_gnu=yes
ac_cv_cxx_compiler_gnu=no
ac_cv_env_CCC_set=
ac_cv_env_CCC_value=
ac_cv_env_CC_set=
ac_cv_env_CC_value=
ac_cv_env_CFLAGS_set=
ac_cv_env_CFLAGS_value=
ac_cv_env_CPPFLAGS_set=
ac_cv_env_CPPFLAGS_value=
ac_cv_env_CXXFLAGS_set=
ac_cv_env_CXXFLAGS_value=
ac_cv_env_CXX_set=
ac_cv_env_CXX_value=
ac_cv_env_LDFLAGS_set=
ac_cv_env_LDFLAGS_value=
ac_cv_env_LIBS_set=
ac_cv_env_LIBS_value=
ac_cv_env_build_alias_set=
ac_cv_env_build_alias_value=
ac_cv_env_host_alias_set=
ac_cv_env_host_alias_value=
ac_cv_env_target_alias_set=
ac_cv_env_target_alias_value=
ac_cv_host=i686-pc-linux-gnu
ac_cv_objext=o
ac_cv_path_install='/usr/bin/install -c'
ac_cv_path_mkdir=/bin/mkdir
ac_cv_path_pathnescc=/usr/bin/nescc
ac_cv_path_pathperl=/usr/bin/perl
ac_cv_path_pathpython=/usr/bin/python2
ac_cv_prog_AWK=mawk
ac_cv_prog_ac_ct_CC=gcc
ac_cv_prog_ac_ct_RANLIB=ranlib
ac_cv_prog_cc_c89=
ac_cv_prog_cc_g=yes
ac_cv_prog_cxx_g=no
ac_cv_prog_make_make_set=yes
am_cv_CC_dependencies_compiler_type=gcc3
am_cv_CXX_dependencies_compiler_type=none

## ----------------- ##
## Output variables. ##
## ----------------- ##

ACLOCAL='${SHELL} /opt/tinyos-2.x/tools/config-aux/missing --run aclocal-1.11'
AMDEPBACKSLASH='\'
AMDEP_FALSE='#'
AMDEP_TRUE=''
AMTAR='$${TAR-tar}'
AUTOCONF='${SHELL} /opt/tinyos-2.x/tools/config-aux/missing --run autoconf'
AUTOHEADER='${SHELL} /opt/tinyos-2.x/tools/config-aux/missing --run autoheader'
AUTOMAKE='${SHELL} /opt/tinyos-2.x/tools/config-aux/missing --run automake-1.11'
AWK='mawk'
CC='gcc'
CCDEPMODE='depmode=gcc3'
CFLAGS='-g -O2'
CPPFLAGS=''
CXX='g++'
CXXDEPMODE='depmode=none'
CXXFLAGS=''
CYGPATH_W='echo'
CYGWIN_FALSE=''
CYGWIN_TRUE='#'
DARWIN_FALSE=''
DARWIN_TRUE='#'
DEFS='-DPACKAGE_NAME=\"tinyos-tools\" -DPACKAGE_TARNAME=\"tinyos-tools\" -DPACKAGE_VERSION=\"1.4.2\" -DPACKAGE_STRING=\"tinyos-tools\ 1.4.2\" -DPACKAGE_BUGREPORT=\"\" -DPACKAGE_URL=\"\" -DPACKAGE=\"tinyos-tools\" -DVERSION=\"1.4.2\"'
DEPDIR='.deps'
ECHO_C=''
ECHO_N='-n'
ECHO_T=''
EXEEXT=''
GETENVLIB='libgetenv-32.so libgetenv-64.so '
INSTALLJNI='install'
INSTALL_DATA='${INSTALL} -m 644'
INSTALL_PROGRAM='${INSTALL}'
INSTALL_SCRIPT='${INSTALL}'
INSTALL_STRIP_PROGRAM='$(install_sh) -c -s'
JDK='/usr/lib/jvm/java-6-openjdk-i386'
JNIPREFIX='lib'
JNISUFFIX='so'
LDFLAGS=''
LIBOBJS=''
LIBS=''
LTLIBOBJS=''
MAKEINFO='${SHELL} /opt/tinyos-2.x/tools/config-aux/missing --run makeinfo'
MKDIR_P='/bin/mkdir -p'
OBJEXT='o'
PACKAGE='tinyos-tools'
PACKAGE_BUGREPORT=''
PACKAGE_NAME='tinyos-tools'
PACKAGE_STRING='tinyos-tools 1.4.2'
PACKAGE_TARNAME='tinyos-tools'
PACKAGE_URL=''
PACKAGE_VERSION='1.4.2'
PATH_SEPARATOR=':'
RANLIB='ranlib'
SET_MAKE=''
SHELL='/bin/bash'
STRIP=''
TOSCOMMLIB='libtoscomm-32.so libtoscomm-64.so '
TOSDIR='/opt/tinyos-2.x/tos'
VERSION='1.4.2'
ac_ct_CC='gcc'
ac_ct_CXX=''
am__EXEEXT_FALSE=''
am__EXEEXT_TRUE='#'
am__fastdepCC_FALSE='#'
am__fastdepCC_TRUE=''
am__fastdepCXX_FALSE=''
am__fastdepCXX_TRUE='#'
am__include='include'
am__isrc=''
am__leading_dot='.'
am__nodep='_no'
am__quote=''
am__tar='$${TAR-tar} chof - "$$tardir"'
am__untar='$${TAR-tar} xf -'
bindir='${exec_prefix}/bin'
build='i686-pc-linux-gnu'
build_alias=''
build_cpu='i686'
build_os='linux-gnu'
build_vendor='pc'
datadir='${datarootdir}'
datarootdir='${prefix}/share'
default_target='mica'
docdir='${datarootdir}/doc/${PACKAGE_TARNAME}'
dvidir='${docdir}'
exec_prefix='${prefix}'
host='i686-pc-linux-gnu'
host_alias=''
host_cpu='i686'
host_os='linux-gnu'
host_vendor='pc'
htmldir='${docdir}'
includedir='${prefix}/include'
infodir='${datarootdir}/info'
install_sh='${SHELL} /opt/tinyos-2.x/tools/config-aux/install-sh'
libdir='${exec_prefix}/lib'
libexecdir='${exec_prefix}/libexec'
localedir='${datarootdir}/locale'
localstatedir='${prefix}/var'
mandir='${datarootdir}/man'
mkdir_p='/bin/mkdir -p'
nescc_prefix='/usr'
oldincludedir='/usr/include'
pathnescc='/usr/bin/nescc'
pathperl='/usr/bin/perl'
pathpython='/usr/bin/python2'
pdfdir='${docdir}'
prefix='/usr/local'
program_transform_name='s,x,x,'
psdir='${docdir}'
sbindir='${exec_prefix}/sbin'
sharedstatedir='${prefix}/com'
subdirs=' platforms/mica/uisp'
sysconfdir='${prefix}/etc'
target_alias=''

## ----------- ##
## confdefs.h. ##
## ----------- ##

/* confdefs.h */
#define PACKAGE_NAME "tinyos-tools"
#define PACKAGE_TARNAME "tinyos-tools"
#define PACKAGE_VERSION "1.4.2"
#define PACKAGE_STRING "tinyos-tools 1.4.2"
#define PACKAGE_BUGREPORT ""
#define PACKAGE_URL ""
#define PACKAGE "tinyos-tools"
#define VERSION "1.4.2"

configure: exit 0
